2026-04-06 07:18:35.492 [main] DEBUG c.t.ordermanagement.model.OrderItem - Calculated subtotal for product P1: 50.0 x 2 = 100.0
2026-04-06 07:18:35.497 [main] DEBUG c.t.ordermanagement.model.OrderItem - Calculated subtotal for product P2: 30.0 x 3 = 90.0
2026-04-06 07:18:35.497 [main] INFO  c.tecmx.ordermanagement.model.Order - Calculated total for order O1: 190.0
2026-04-06 07:18:35.508 [main] DEBUG c.t.ordermanagement.model.OrderItem - Calculated subtotal for product P1: 100.0 x 3 = 300.0
2026-04-06 07:18:36.071 [main] INFO  c.t.o.service.OrderService - Added 3x Laptop to order ORD-001
2026-04-06 07:18:36.071 [main] DEBUG c.t.o.service.OrderService - Remaining stock for PROD-001: 7
2026-04-06 07:18:36.079 [main] WARN  c.t.o.service.OrderService - Order ORD-001 has been cancelled
2026-04-06 07:18:36.084 [main] WARN  c.t.o.service.OrderService - Order ORD-001 has been cancelled
2026-04-06 07:18:36.095 [main] DEBUG c.t.ordermanagement.model.OrderItem - Calculated subtotal for product PROD-001: 999.99 x 1 = 999.99
2026-04-06 07:18:36.095 [main] INFO  c.tecmx.ordermanagement.model.Order - Calculated total for order ORD-001: 999.99
2026-04-06 07:18:36.095 [main] INFO  c.t.o.service.OrderService - Order ORD-001 confirmed with 1 items, total: 999.99
2026-04-06 07:18:36.103 [main] INFO  c.t.o.service.OrderService - Order created: ORD-001 for customer: CUST-001
2026-04-06 07:18:36.113 [main] DEBUG c.t.o.service.OrderService - Retrieved order: ORD-001
2026-04-06 07:18:36.116 [main] DEBUG c.t.o.service.InventoryService - Stock check for PROD-001: 10
2026-04-06 07:18:36.122 [main] INFO  c.t.o.service.InventoryService - Product registered: PROD-002 - Mouse (stock: 100, price: 29.99)
2026-04-06 07:18:36.128 [main] INFO  c.t.o.service.InventoryService - Stock updated for PROD-001: +5 → new stock: 15
2026-04-06 07:20:03.802 [main] DEBUG c.t.ordermanagement.model.OrderItem - Calculated subtotal for product P1: 50.0 x 2 = 100.0
2026-04-06 07:20:03.803 [main] DEBUG c.t.ordermanagement.model.OrderItem - Calculated subtotal for product P2: 30.0 x 3 = 90.0
2026-04-06 07:20:03.803 [main] INFO  c.tecmx.ordermanagement.model.Order - Calculated total for order O1: 190.0
2026-04-06 07:20:03.815 [main] DEBUG c.t.ordermanagement.model.OrderItem - Calculated subtotal for product P1: 100.0 x 3 = 300.0
2026-04-06 07:20:04.354 [main] INFO  c.t.o.service.OrderService - Added 3x Laptop to order ORD-001
2026-04-06 07:20:04.355 [main] DEBUG c.t.o.service.OrderService - Remaining stock for PROD-001: 7
2026-04-06 07:20:04.362 [main] WARN  c.t.o.service.OrderService - Order ORD-001 has been cancelled
2026-04-06 07:20:04.365 [main] WARN  c.t.o.service.OrderService - Order ORD-001 has been cancelled
2026-04-06 07:20:04.369 [main] DEBUG c.t.ordermanagement.model.OrderItem - Calculated subtotal for product PROD-001: 999.99 x 1 = 999.99
2026-04-06 07:20:04.370 [main] INFO  c.tecmx.ordermanagement.model.Order - Calculated total for order ORD-001: 999.99
2026-04-06 07:20:04.370 [main] INFO  c.t.o.service.OrderService - Order ORD-001 confirmed with 1 items, total: 999.99
2026-04-06 07:20:04.376 [main] INFO  c.t.o.service.OrderService - Order created: ORD-001 for customer: CUST-001
2026-04-06 07:20:04.381 [main] DEBUG c.t.o.service.OrderService - Retrieved order: ORD-001
2026-04-06 07:20:04.384 [main] DEBUG c.t.o.service.InventoryService - Stock check for PROD-001: 10
2026-04-06 07:20:04.388 [main] INFO  c.t.o.service.InventoryService - Product registered: PROD-002 - Mouse (stock: 100, price: 29.99)
2026-04-06 07:20:04.394 [main] INFO  c.t.o.service.InventoryService - Stock updated for PROD-001: +5 → new stock: 15
